0 info it worked if it ends with ok
1 verbose cli [ '/usr/bin/node', '/usr/bin/npm', 'start' ]
2 info using npm@3.10.10
3 info using node@v6.17.1
4 verbose run-script [ 'prestart', 'start', 'poststart' ]
5 info lifecycle workspace@0.0.0~prestart: workspace@0.0.0
6 silly lifecycle workspace@0.0.0~prestart: no script for prestart, continuing
7 info lifecycle workspace@0.0.0~start: workspace@0.0.0
8 verbose lifecycle workspace@0.0.0~start: unsafe-perm in lifecycle true
9 verbose lifecycle workspace@0.0.0~start: PATH: /usr/lib/node_modules/npm/bin/node-gyp-bin:/home/co22/one/cs341_Sprint3/Node.js Server Workspace/node_modules/.bin:/usr/local/bin:/usr/bin:/usr/local/sbin:/usr/sbin:/opt/puppetlabs/bin:/home/co22/.local/bin:/home/co22/bin
10 verbose lifecycle workspace@0.0.0~start: CWD: /home/co22/one/cs341_Sprint3/Node.js Server Workspace
11 silly lifecycle workspace@0.0.0~start: Args: [ '-c', 'node ./bin/www' ]
12 silly lifecycle workspace@0.0.0~start: Returned: code: 1  signal: null
13 info lifecycle workspace@0.0.0~start: Failed to exec start script
14 verbose stack Error: workspace@0.0.0 start: `node ./bin/www`
14 verbose stack Exit status 1
14 verbose stack     at EventEmitter.<anonymous> (/usr/lib/node_modules/npm/lib/utils/lifecycle.js:255:16)
14 verbose stack     at emitTwo (events.js:106:13)
14 verbose stack     at EventEmitter.emit (events.js:191:7)
14 verbose stack     at ChildProcess.<anonymous> (/usr/lib/node_modules/npm/lib/utils/spawn.js:40:14)
14 verbose stack     at emitTwo (events.js:106:13)
14 verbose stack     at ChildProcess.emit (events.js:191:7)
14 verbose stack     at maybeClose (internal/child_process.js:920:16)
14 verbose stack     at Process.ChildProcess._handle.onexit (internal/child_process.js:230:5)
15 verbose pkgid workspace@0.0.0
16 verbose cwd /home/co22/one/cs341_Sprint3/Node.js Server Workspace
17 error Linux 3.10.0-1160.15.2.el7.x86_64
18 error argv "/usr/bin/node" "/usr/bin/npm" "start"
19 error node v6.17.1
20 error npm  v3.10.10
21 error code ELIFECYCLE
22 error workspace@0.0.0 start: `node ./bin/www`
22 error Exit status 1
23 error Failed at the workspace@0.0.0 start script 'node ./bin/www'.
23 error Make sure you have the latest version of node.js and npm installed.
23 error If you do, this is most likely a problem with the workspace package,
23 error not with npm itself.
23 error Tell the author that this fails on your system:
23 error     node ./bin/www
23 error You can get information on how to open an issue for this project with:
23 error     npm bugs workspace
23 error Or if that isn't available, you can get their info via:
23 error     npm owner ls workspace
23 error There is likely additional logging output above.
24 verbose exit [ 1, true ]
1 verbose cli [ '/usr/local/bin/node', '/usr/local/bin/npm', 'start' ]
2 info using npm@2.14.7
3 info using node@v4.2.2
4 verbose run-script [ 'prestart', 'start', 'poststart' ]
5 info prestart workspace@0.0.0
6 info start workspace@0.0.0
7 verbose unsafe-perm in lifecycle true
8 info workspace@0.0.0 Failed to exec start script
9 verbose stack Error: workspace@0.0.0 start: `node ./bin/www`
9 verbose stack Exit status 1
9 verbose stack     at EventEmitter.<anonymous> (/usr/local/lib/node_modules/npm/lib/utils/lifecycle.js:214:16)
9 verbose stack     at emitTwo (events.js:87:13)
9 verbose stack     at EventEmitter.emit (events.js:172:7)
9 verbose stack     at ChildProcess.<anonymous> (/usr/local/lib/node_modules/npm/lib/utils/spawn.js:24:14)
9 verbose stack     at emitTwo (events.js:87:13)
9 verbose stack     at ChildProcess.emit (events.js:172:7)
9 verbose stack     at maybeClose (internal/child_process.js:818:16)
9 verbose stack     at Process.ChildProcess._handle.onexit (internal/child_process.js:211:5)
10 verbose pkgid workspace@0.0.0
11 verbose cwd /Users/Figster/Desktop/UnderGRAD/cs341_Sprint3/Node.js Server Workspace
12 error Darwin 20.3.0
13 error argv "/usr/local/bin/node" "/usr/local/bin/npm" "start"
14 error node v4.2.2
15 error npm  v2.14.7
16 error code ELIFECYCLE
17 error workspace@0.0.0 start: `node ./bin/www`
17 error Exit status 1
18 error Failed at the workspace@0.0.0 start script 'node ./bin/www'.
18 error This is most likely a problem with the workspace package,
18 error not with npm itself.
18 error Tell the author that this fails on your system:
18 error     node ./bin/www
18 error You can get their info via:
18 error     npm owner ls workspace
18 error There is likely additional logging output above.
19 verbose exit [ 1, true ]
